This file contains any messages produced by compilers while
running configure, to aid debugging if configure makes a mistake.

It was created by dionaea configure 0.1.0, which was
generated by GNU Autoconf 2.68.  Invocation command line was

  $ ./configure --with-lcfg-include=/opt/dionaea/include/ --with-lcfg-lib=/opt/dionaea/lib/ --with-python=/opt/dionaea/bin/python3.2 --with-cython-dir=/opt/dionaea/bin --with-udns-include=/opt/dionaea/include/ --with-udns-lib=/opt/dionaea/lib/ --with-emu-include=/opt/dionaea/include/ --with-emu-lib=/opt/dionaea/lib/ --with-gc-include=/usr/include/gc --with-ev-include=/opt/dionaea/include --with-ev-lib=/opt/dionaea/lib --with-nl-include=/opt/dionaea/include --with-nl-lib=/opt/dionaea/lib/ --with-curl-config=/usr/bin/ --with-pcap-include=/opt/dionaea/include --with-pcap-lib=/opt/dionaea/lib/

## --------- ##
## Platform. ##
## --------- ##

hostname = Data-Honeypot
uname -m = x86_64
uname -r = 3.2.0-29-generic
uname -s = Linux
uname -v = #46-Ubuntu SMP Fri Jul 27 17:03:23 UTC 2012

/usr/bin/uname -p = unknown
/bin/uname -X     = unknown

/bin/arch              = unknown
/usr/bin/arch -k       = unknown
/usr/convex/getsysinfo = unknown
/usr/bin/hostinfo      = unknown
/bin/machine           = unknown
/usr/bin/oslevel       = unknown
/bin/universe          = unknown

PATH: /usr/local/sbin
PATH: /usr/local/bin
PATH: /usr/sbin
PATH: /usr/bin
PATH: /sbin
PATH: /bin


## ----------- ##
## Core tests. ##
## ----------- ##

configure:2474: checking for a BSD-compatible install
configure:2542: result: /usr/bin/install -c
configure:2553: checking whether build environment is sane
configure:2603: result: yes
configure:2744: checking for a thread-safe mkdir -p
configure:2783: result: /bin/mkdir -p
configure:2796: checking for gawk
configure:2826: result: no
configure:2796: checking for mawk
configure:2812: found /usr/bin/mawk
configure:2823: result: mawk
configure:2834: checking whether make sets $(MAKE)
configure:2856: result: yes
configure:2950: checking build system type
configure:2964: result: x86_64-unknown-linux-gnu
configure:2984: checking host system type
configure:2997: result: x86_64-unknown-linux-gnu
configure:3029: checking for style of include used by make
configure:3057: result: GNU
configure:3128: checking for gcc
configure:3144: found /usr/bin/gcc
configure:3155: result: gcc
configure:3384: checking for C compiler version
configure:3393: gcc --version >&5
gcc (Ubuntu/Linaro 4.6.3-1ubuntu5) 4.6.3
Copyright (C) 2011 Free Software Foundation, Inc.
This is free software; see the source for copying conditions.  There is NO
warranty; not even for MERCHANTABILITY or FITNESS FOR A PARTICULAR PURPOSE.

configure:3404: $? = 0
configure:3393: gcc -v >&5
Using built-in specs.
COLLECT_GCC=gcc
COLLECT_LTO_WRAPPER=/usr/lib/gcc/x86_64-linux-gnu/4.6/lto-wrapper
Target: x86_64-linux-gnu
Configured with: ../src/configure -v --with-pkgversion='Ubuntu/Linaro 4.6.3-1ubuntu5' --with-bugurl=file:///usr/share/doc/gcc-4.6/README.Bugs --enable-languages=c,c++,fortran,objc,obj-c++ --prefix=/usr --program-suffix=-4.6 --enable-shared --enable-linker-build-id --with-system-zlib --libexecdir=/usr/lib --without-included-gettext --enable-threads=posix --with-gxx-include-dir=/usr/include/c++/4.6 --libdir=/usr/lib --enable-nls --with-sysroot=/ --enable-clocale=gnu --enable-libstdcxx-debug --enable-libstdcxx-time=yes --enable-gnu-unique-object --enable-plugin --enable-objc-gc --disable-werror --with-arch-32=i686 --with-tune=generic --enable-checking=release --build=x86_64-linux-gnu --host=x86_64-linux-gnu --target=x86_64-linux-gnu
Thread model: posix
gcc version 4.6.3 (Ubuntu/Linaro 4.6.3-1ubuntu5) 
configure:3404: $? = 0
configure:3393: gcc -V >&5
gcc: error: unrecognized option '-V'
gcc: fatal error: no input files
compilation terminated.
configure:3404: $? = 4
configure:3393: gcc -qversion >&5
gcc: error: unrecognized option '-qversion'
gcc: fatal error: no input files
compilation terminated.
configure:3404: $? = 4
configure:3424: checking whether the C compiler works
configure:3446: gcc  -std=c99 -D_GNU_SOURCE   conftest.c  >&5
configure:3450: $? = 0
configure:3498: result: yes
configure:3501: checking for C compiler default output file name
configure:3503: result: a.out
configure:3509: checking for suffix of executables
configure:3516: gcc -o conftest  -std=c99 -D_GNU_SOURCE   conftest.c  >&5
configure:3520: $? = 0
configure:3542: result: 
configure:3564: checking whether we are cross compiling
configure:3572: gcc -o conftest  -std=c99 -D_GNU_SOURCE   conftest.c  >&5
configure:3576: $? = 0
configure:3583: ./conftest
configure:3587: $? = 0
configure:3602: result: no
configure:3607: checking for suffix of object files
configure:3629: gcc -c  -std=c99 -D_GNU_SOURCE  conftest.c >&5
configure:3633: $? = 0
configure:3654: result: o
configure:3658: checking whether we are using the GNU C compiler
configure:3677: gcc -c  -std=c99 -D_GNU_SOURCE  conftest.c >&5
configure:3677: $? = 0
configure:3686: result: yes
configure:3695: checking whether gcc accepts -g
configure:3715: gcc -c -g  conftest.c >&5
configure:3715: $? = 0
configure:3756: result: yes
configure:3773: checking for gcc option to accept ISO C89
configure:3837: gcc  -c  -std=c99 -D_GNU_SOURCE  conftest.c >&5
configure:3837: $? = 0
configure:3850: result: none needed
configure:3872: checking dependency style of gcc
configure:3983: result: gcc3
configure:3999: checking for an ANSI C-conforming const
configure:4064: gcc -c  -std=c99 -D_GNU_SOURCE  conftest.c >&5
configure:4064: $? = 0
configure:4071: result: yes
configure:4084: checking how to run the C preprocessor
configure:4115: gcc -E  conftest.c
configure:4115: $? = 0
configure:4129: gcc -E  conftest.c
conftest.c:11:28: fatal error: ac_nonexistent.h: No such file or directory
compilation terminated.
configure:4129: $? = 1
configure: failed program was:
| /* confdefs.h */
| #define PACKAGE_NAME "dionaea"
| #define PACKAGE_TARNAME "dionaea"
| #define PACKAGE_VERSION "0.1.0"
| #define PACKAGE_STRING "dionaea 0.1.0"
| #define PACKAGE_BUGREPORT "nepenthesdev@gmail.com"
| #define PACKAGE_URL ""
| #define PACKAGE "dionaea"
| #define VERSION "0.1.0"
| /* end confdefs.h.  */
| #include <ac_nonexistent.h>
configure:4154: result: gcc -E
configure:4174: gcc -E  conftest.c
configure:4174: $? = 0
configure:4188: gcc -E  conftest.c
conftest.c:11:28: fatal error: ac_nonexistent.h: No such file or directory
compilation terminated.
configure:4188: $? = 1
configure: failed program was:
| /* confdefs.h */
| #define PACKAGE_NAME "dionaea"
| #define PACKAGE_TARNAME "dionaea"
| #define PACKAGE_VERSION "0.1.0"
| #define PACKAGE_STRING "dionaea 0.1.0"
| #define PACKAGE_BUGREPORT "nepenthesdev@gmail.com"
| #define PACKAGE_URL ""
| #define PACKAGE "dionaea"
| #define VERSION "0.1.0"
| /* end confdefs.h.  */
| #include <ac_nonexistent.h>
configure:4217: checking for grep that handles long lines and -e
configure:4275: result: /bin/grep
configure:4280: checking for egrep
configure:4342: result: /bin/grep -E
configure:4347: checking for ANSI C header files
configure:4367: gcc -c  -std=c99 -D_GNU_SOURCE  conftest.c >&5
configure:4367: $? = 0
configure:4440: gcc -o conftest  -std=c99 -D_GNU_SOURCE   conftest.c  >&5
configure:4440: $? = 0
configure:4440: ./conftest
configure:4440: $? = 0
configure:4451: result: yes
configure:4464: checking for sys/types.h
configure:4464: gcc -c  -std=c99 -D_GNU_SOURCE  conftest.c >&5
configure:4464: $? = 0
configure:4464: result: yes
configure:4464: checking for sys/stat.h
configure:4464: gcc -c  -std=c99 -D_GNU_SOURCE  conftest.c >&5
configure:4464: $? = 0
configure:4464: result: yes
configure:4464: checking for stdlib.h
configure:4464: gcc -c  -std=c99 -D_GNU_SOURCE  conftest.c >&5
configure:4464: $? = 0
configure:4464: result: yes
configure:4464: checking for string.h
configure:4464: gcc -c  -std=c99 -D_GNU_SOURCE  conftest.c >&5
configure:4464: $? = 0
configure:4464: result: yes
configure:4464: checking for memory.h
configure:4464: gcc -c  -std=c99 -D_GNU_SOURCE  conftest.c >&5
configure:4464: $? = 0
configure:4464: result: yes
configure:4464: checking for strings.h
configure:4464: gcc -c  -std=c99 -D_GNU_SOURCE  conftest.c >&5
configure:4464: $? = 0
configure:4464: result: yes
configure:4464: checking for inttypes.h
configure:4464: gcc -c  -std=c99 -D_GNU_SOURCE  conftest.c >&5
configure:4464: $? = 0
configure:4464: result: yes
configure:4464: checking for stdint.h
configure:4464: gcc -c  -std=c99 -D_GNU_SOURCE  conftest.c >&5
configure:4464: $? = 0
configure:4464: result: yes
configure:4464: checking for unistd.h
configure:4464: gcc -c  -std=c99 -D_GNU_SOURCE  conftest.c >&5
configure:4464: $? = 0
configure:4464: result: yes
configure:4476: checking whether byte ordering is bigendian
configure:4491: gcc -c  -std=c99 -D_GNU_SOURCE  conftest.c >&5
conftest.c:22:9: error: unknown type name 'not'
conftest.c:22:15: error: expected '=', ',', ';', 'asm' or '__attribute__' before 'universal'
conftest.c:22:15: error: unknown type name 'universal'
configure:4491: $? = 1
configure: failed program was:
| /* confdefs.h */
| #define PACKAGE_NAME "dionaea"
| #define PACKAGE_TARNAME "dionaea"
| #define PACKAGE_VERSION "0.1.0"
| #define PACKAGE_STRING "dionaea 0.1.0"
| #define PACKAGE_BUGREPORT "nepenthesdev@gmail.com"
| #define PACKAGE_URL ""
| #define PACKAGE "dionaea"
| #define VERSION "0.1.0"
| #define STDC_HEADERS 1
| #define HAVE_SYS_TYPES_H 1
| #define HAVE_SYS_STAT_H 1
| #define HAVE_STDLIB_H 1
| #define HAVE_STRING_H 1
| #define HAVE_MEMORY_H 1
| #define HAVE_STRINGS_H 1
| #define HAVE_INTTYPES_H 1
| #define HAVE_STDINT_H 1
| #define HAVE_UNISTD_H 1
| /* end confdefs.h.  */
| #ifndef __APPLE_CC__
| 	       not a universal capable compiler
| 	     #endif
| 	     typedef int dummy;
| 
configure:4536: gcc -c  -std=c99 -D_GNU_SOURCE  conftest.c >&5
configure:4536: $? = 0
configure:4554: gcc -c  -std=c99 -D_GNU_SOURCE  conftest.c >&5
conftest.c: In function 'main':
conftest.c:28:4: error: unknown type name 'not'
conftest.c:28:12: error: expected '=', ',', ';', 'asm' or '__attribute__' before 'endian'
configure:4554: $? = 1
configure: failed program was:
| /* confdefs.h */
| #define PACKAGE_NAME "dionaea"
| #define PACKAGE_TARNAME "dionaea"
| #define PACKAGE_VERSION "0.1.0"
| #define PACKAGE_STRING "dionaea 0.1.0"
| #define PACKAGE_BUGREPORT "nepenthesdev@gmail.com"
| #define PACKAGE_URL ""
| #define PACKAGE "dionaea"
| #define VERSION "0.1.0"
| #define STDC_HEADERS 1
| #define HAVE_SYS_TYPES_H 1
| #define HAVE_SYS_STAT_H 1
| #define HAVE_STDLIB_H 1
| #define HAVE_STRING_H 1
| #define HAVE_MEMORY_H 1
| #define HAVE_STRINGS_H 1
| #define HAVE_INTTYPES_H 1
| #define HAVE_STDINT_H 1
| #define HAVE_UNISTD_H 1
| /* end confdefs.h.  */
| #include <sys/types.h>
| 		#include <sys/param.h>
| 
| int
| main ()
| {
| #if BYTE_ORDER != BIG_ENDIAN
| 		 not big endian
| 		#endif
| 
|   ;
|   return 0;
| }
configure:4682: result: no
configure:4750: checking for gcc
configure:4777: result: gcc
configure:5006: checking for C compiler version
configure:5015: gcc --version >&5
gcc (Ubuntu/Linaro 4.6.3-1ubuntu5) 4.6.3
Copyright (C) 2011 Free Software Foundation, Inc.
This is free software; see the source for copying conditions.  There is NO
warranty; not even for MERCHANTABILITY or FITNESS FOR A PARTICULAR PURPOSE.

configure:5026: $? = 0
configure:5015: gcc -v >&5
Using built-in specs.
COLLECT_GCC=gcc
COLLECT_LTO_WRAPPER=/usr/lib/gcc/x86_64-linux-gnu/4.6/lto-wrapper
Target: x86_64-linux-gnu
Configured with: ../src/configure -v --with-pkgversion='Ubuntu/Linaro 4.6.3-1ubuntu5' --with-bugurl=file:///usr/share/doc/gcc-4.6/README.Bugs --enable-languages=c,c++,fortran,objc,obj-c++ --prefix=/usr --program-suffix=-4.6 --enable-shared --enable-linker-build-id --with-system-zlib --libexecdir=/usr/lib --without-included-gettext --enable-threads=posix --with-gxx-include-dir=/usr/include/c++/4.6 --libdir=/usr/lib --enable-nls --with-sysroot=/ --enable-clocale=gnu --enable-libstdcxx-debug --enable-libstdcxx-time=yes --enable-gnu-unique-object --enable-plugin --enable-objc-gc --disable-werror --with-arch-32=i686 --with-tune=generic --enable-checking=release --build=x86_64-linux-gnu --host=x86_64-linux-gnu --target=x86_64-linux-gnu
Thread model: posix
gcc version 4.6.3 (Ubuntu/Linaro 4.6.3-1ubuntu5) 
configure:5026: $? = 0
configure:5015: gcc -V >&5
gcc: error: unrecognized option '-V'
gcc: fatal error: no input files
compilation terminated.
configure:5026: $? = 4
configure:5015: gcc -qversion >&5
gcc: error: unrecognized option '-qversion'
gcc: fatal error: no input files
compilation terminated.
configure:5026: $? = 4
configure:5030: checking whether we are using the GNU C compiler
configure:5058: result: yes
configure:5067: checking whether gcc accepts -g
configure:5128: result: yes
configure:5145: checking for gcc option to accept ISO C89
configure:5222: result: none needed
configure:5244: checking dependency style of gcc
configure:5355: result: gcc3
configure:5370: checking whether make sets $(MAKE)
configure:5392: result: yes
configure:5447: checking how to print strings
configure:5474: result: printf
configure:5495: checking for a sed that does not truncate output
configure:5559: result: /bin/sed
configure:5577: checking for fgrep
configure:5639: result: /bin/grep -F
configure:5674: checking for ld used by gcc
configure:5741: result: /usr/bin/ld
configure:5748: checking if the linker (/usr/bin/ld) is GNU ld
configure:5763: result: yes
configure:5775: checking for BSD- or MS-compatible name lister (nm)
configure:5824: result: /usr/bin/nm -B
configure:5954: checking the name lister (/usr/bin/nm -B) interface
configure:5961: gcc -c  -std=c99 -D_GNU_SOURCE  conftest.c >&5
configure:5964: /usr/bin/nm -B "conftest.o"
configure:5967: output
0000000000000000 B some_variable
configure:5974: result: BSD nm
configure:5977: checking whether ln -s works
configure:5981: result: yes
configure:5989: checking the maximum length of command line arguments
configure:6119: result: 1572864
configure:6136: checking whether the shell understands some XSI constructs
configure:6146: result: yes
configure:6150: checking whether the shell understands "+="
configure:6156: result: yes
configure:6191: checking how to convert x86_64-unknown-linux-gnu file names to x86_64-unknown-linux-gnu format
configure:6231: result: func_convert_file_noop
configure:6238: checking how to convert x86_64-unknown-linux-gnu file names to toolchain format
configure:6258: result: func_convert_file_noop
configure:6265: checking for /usr/bin/ld option to reload object files
configure:6272: result: -r
configure:6346: checking for objdump
configure:6362: found /usr/bin/objdump
configure:6373: result: objdump
configure:6405: checking how to recognize dependent libraries
configure:6607: result: pass_all
configure:6692: checking for dlltool
configure:6722: result: no
configure:6752: checking how to associate runtime and link libraries
configure:6779: result: printf %s\n
configure:6839: checking for ar
configure:6855: found /usr/bin/ar
configure:6866: result: ar
configure:6903: checking for archiver @FILE support
configure:6920: gcc -c  -std=c99 -D_GNU_SOURCE  conftest.c >&5
configure:6920: $? = 0
configure:6923: ar cru libconftest.a @conftest.lst >&5
configure:6926: $? = 0
configure:6931: ar cru libconftest.a @conftest.lst >&5
ar: conftest.o: No such file or directory
configure:6934: $? = 1
configure:6946: result: @
configure:7004: checking for strip
configure:7020: found /usr/bin/strip
configure:7031: result: strip
configure:7103: checking for ranlib
configure:7119: found /usr/bin/ranlib
configure:7130: result: ranlib
configure:7232: checking command to parse /usr/bin/nm -B output from gcc object
configure:7352: gcc -c  -std=c99 -D_GNU_SOURCE  conftest.c >&5
configure:7355: $? = 0
configure:7359: /usr/bin/nm -B conftest.o \| sed -n -e 's/^.*[ ]\([ABCDGIRSTW][ABCDGIRSTW]*\)[ ][ ]*\([_A-Za-z][_A-Za-z0-9]*\)$/\1 \2 \2/p' | sed '/ __gnu_lto/d' \> conftest.nm
configure:7362: $? = 0
configure:7428: gcc -o conftest  -std=c99 -D_GNU_SOURCE   conftest.c conftstm.o >&5
configure:7431: $? = 0
configure:7469: result: ok
configure:7506: checking for sysroot
configure:7536: result: no
configure:7613: gcc -c  -std=c99 -D_GNU_SOURCE  conftest.c >&5
configure:7616: $? = 0
configure:7792: checking for mt
configure:7808: found /bin/mt
configure:7819: result: mt
configure:7842: checking if mt is a manifest tool
configure:7848: mt '-?'
configure:7856: result: no
configure:8495: checking for dlfcn.h
configure:8495: gcc -c  -std=c99 -D_GNU_SOURCE  conftest.c >&5
configure:8495: $? = 0
configure:8495: result: yes
configure:8701: checking for objdir
configure:8716: result: .libs
configure:8983: checking if gcc supports -fno-rtti -fno-exceptions
configure:9001: gcc -c  -std=c99 -D_GNU_SOURCE  -fno-rtti -fno-exceptions conftest.c >&5
cc1: warning: command line option '-fno-rtti' is valid for C++/ObjC++ but not for C [enabled by default]
configure:9005: $? = 0
configure:9018: result: no
configure:9345: checking for gcc option to produce PIC
configure:9352: result: -fPIC -DPIC
configure:9360: checking if gcc PIC flag -fPIC -DPIC works
configure:9378: gcc -c  -std=c99 -D_GNU_SOURCE  -fPIC -DPIC -DPIC conftest.c >&5
configure:9382: $? = 0
configure:9395: result: yes
configure:9424: checking if gcc static flag -static works
configure:9452: result: yes
configure:9467: checking if gcc supports -c -o file.o
configure:9488: gcc -c  -std=c99 -D_GNU_SOURCE  -o out/conftest2.o conftest.c >&5
configure:9492: $? = 0
configure:9514: result: yes
configure:9522: checking if gcc supports -c -o file.o
configure:9569: result: yes
configure:9602: checking whether the gcc linker (/usr/bin/ld -m elf_x86_64) supports shared libraries
configure:10759: result: yes
configure:10796: checking whether -lc should be explicitly linked in
configure:10804: gcc -c  -std=c99 -D_GNU_SOURCE  conftest.c >&5
configure:10807: $? = 0
configure:10822: gcc -shared  -fPIC -DPIC conftest.o  -v -Wl,-soname -Wl,conftest -o conftest 2\>\&1 \| /bin/grep  -lc  \>/dev/null 2\>\&1
configure:10825: $? = 0
configure:10839: result: no
configure:10999: checking dynamic linker characteristics
configure:11510: gcc -o conftest  -std=c99 -D_GNU_SOURCE   -Wl,-rpath -Wl,/foo conftest.c  >&5
configure:11510: $? = 0
configure:11744: result: GNU/Linux ld.so
configure:11851: checking how to hardcode library paths into programs
configure:11876: result: immediate
configure:12416: checking whether stripping libraries is possible
configure:12421: result: yes
configure:12456: checking if libtool supports shared libraries
configure:12458: result: yes
configure:12461: checking whether to build shared libraries
configure:12482: result: yes
configure:12485: checking whether to build static libraries
configure:12489: result: yes
configure:12530: checking for stdint.h
configure:12530: result: yes
configure:12530: checking for stdlib.h
configure:12530: result: yes
configure:12530: checking for string.h
configure:12530: result: yes
configure:12530: checking for strings.h
configure:12530: result: yes
configure:12530: checking for unistd.h
configure:12530: result: yes
configure:12530: checking netpacket/packet.h usability
configure:12530: gcc -c  -std=c99 -D_GNU_SOURCE  conftest.c >&5
configure:12530: $? = 0
configure:12530: result: yes
configure:12530: checking netpacket/packet.h presence
configure:12530: gcc -E  conftest.c
configure:12530: $? = 0
configure:12530: result: yes
configure:12530: checking for netpacket/packet.h
configure:12530: result: yes
configure:12530: checking execinfo.h usability
configure:12530: gcc -c  -std=c99 -D_GNU_SOURCE  conftest.c >&5
configure:12530: $? = 0
configure:12530: result: yes
configure:12530: checking execinfo.h presence
configure:12530: gcc -E  conftest.c
configure:12530: $? = 0
configure:12530: result: yes
configure:12530: checking for execinfo.h
configure:12530: result: yes
configure:12530: checking linux/sockios.h usability
configure:12530: gcc -c  -std=c99 -D_GNU_SOURCE  conftest.c >&5
configure:12530: $? = 0
configure:12530: result: yes
configure:12530: checking linux/sockios.h presence
configure:12530: gcc -E  conftest.c
configure:12530: $? = 0
configure:12530: result: yes
configure:12530: checking for linux/sockios.h
configure:12530: result: yes
configure:12542: checking for inline
configure:12558: gcc -c  -std=c99 -D_GNU_SOURCE  conftest.c >&5
configure:12558: $? = 0
configure:12566: result: inline
configure:12584: checking for uid_t in sys/types.h
configure:12603: result: yes
configure:12614: checking whether struct tm is in sys/time.h or time.h
configure:12634: gcc -c  -std=c99 -D_GNU_SOURCE  conftest.c >&5
configure:12634: $? = 0
configure:12641: result: time.h
configure:12649: checking for size_t
configure:12649: gcc -c  -std=c99 -D_GNU_SOURCE  conftest.c >&5
configure:12649: $? = 0
configure:12649: gcc -c  -std=c99 -D_GNU_SOURCE  conftest.c >&5
conftest.c: In function 'main':
conftest.c:67:21: error: expected expression before ')' token
configure:12649: $? = 1
configure: failed program was:
| /* confdefs.h */
| #define PACKAGE_NAME "dionaea"
| #define PACKAGE_TARNAME "dionaea"
| #define PACKAGE_VERSION "0.1.0"
| #define PACKAGE_STRING "dionaea 0.1.0"
| #define PACKAGE_BUGREPORT "nepenthesdev@gmail.com"
| #define PACKAGE_URL ""
| #define PACKAGE "dionaea"
| #define VERSION "0.1.0"
| #define STDC_HEADERS 1
| #define HAVE_SYS_TYPES_H 1
| #define HAVE_SYS_STAT_H 1
| #define HAVE_STDLIB_H 1
| #define HAVE_STRING_H 1
| #define HAVE_MEMORY_H 1
| #define HAVE_STRINGS_H 1
| #define HAVE_INTTYPES_H 1
| #define HAVE_STDINT_H 1
| #define HAVE_UNISTD_H 1
| #define HAVE_DLFCN_H 1
| #define LT_OBJDIR ".libs/"
| #define HAVE_STDINT_H 1
| #define HAVE_STDLIB_H 1
| #define HAVE_STRING_H 1
| #define HAVE_STRINGS_H 1
| #define HAVE_UNISTD_H 1
| #define HAVE_NETPACKET_PACKET_H 1
| #define HAVE_EXECINFO_H 1
| #define HAVE_LINUX_SOCKIOS_H 1
| /* end confdefs.h.  */
| #include <stdio.h>
| #ifdef HAVE_SYS_TYPES_H
| # include <sys/types.h>
| #endif
| #ifdef HAVE_SYS_STAT_H
| # include <sys/stat.h>
| #endif
| #ifdef STDC_HEADERS
| # include <stdlib.h>
| # include <stddef.h>
| #else
| # ifdef HAVE_STDLIB_H
| #  include <stdlib.h>
| # endif
| #endif
| #ifdef HAVE_STRING_H
| # if !defined STDC_HEADERS && defined HAVE_MEMORY_H
| #  include <memory.h>
| # endif
| # include <string.h>
| #endif
| #ifdef HAVE_STRINGS_H
| # include <strings.h>
| #endif
| #ifdef HAVE_INTTYPES_H
| # include <inttypes.h>
| #endif
| #ifdef HAVE_STDINT_H
| # include <stdint.h>
| #endif
| #ifdef HAVE_UNISTD_H
| # include <unistd.h>
| #endif
| int
| main ()
| {
| if (sizeof ((size_t)))
| 	    return 0;
|   ;
|   return 0;
| }
configure:12649: result: yes
configure:12660: checking return type of signal handlers
configure:12678: gcc -c  -std=c99 -D_GNU_SOURCE  conftest.c >&5
conftest.c: In function 'main':
conftest.c:37:1: error: void value not ignored as it ought to be
configure:12678: $? = 1
configure: failed program was:
| /* confdefs.h */
| #define PACKAGE_NAME "dionaea"
| #define PACKAGE_TARNAME "dionaea"
| #define PACKAGE_VERSION "0.1.0"
| #define PACKAGE_STRING "dionaea 0.1.0"
| #define PACKAGE_BUGREPORT "nepenthesdev@gmail.com"
| #define PACKAGE_URL ""
| #define PACKAGE "dionaea"
| #define VERSION "0.1.0"
| #define STDC_HEADERS 1
| #define HAVE_SYS_TYPES_H 1
| #define HAVE_SYS_STAT_H 1
| #define HAVE_STDLIB_H 1
| #define HAVE_STRING_H 1
| #define HAVE_MEMORY_H 1
| #define HAVE_STRINGS_H 1
| #define HAVE_INTTYPES_H 1
| #define HAVE_STDINT_H 1
| #define HAVE_UNISTD_H 1
| #define HAVE_DLFCN_H 1
| #define LT_OBJDIR ".libs/"
| #define HAVE_STDINT_H 1
| #define HAVE_STDLIB_H 1
| #define HAVE_STRING_H 1
| #define HAVE_STRINGS_H 1
| #define HAVE_UNISTD_H 1
| #define HAVE_NETPACKET_PACKET_H 1
| #define HAVE_EXECINFO_H 1
| #define HAVE_LINUX_SOCKIOS_H 1
| /* end confdefs.h.  */
| #include <sys/types.h>
| #include <signal.h>
| 
| int
| main ()
| {
| return *(signal (0, 0)) (0) == 1;
|   ;
|   return 0;
| }
configure:12685: result: void
configure:12695: checking for error_at_line
configure:12711: gcc -o conftest  -std=c99 -D_GNU_SOURCE   conftest.c  >&5
configure:12711: $? = 0
configure:12719: result: yes
configure:12730: checking return type of signal handlers
configure:12755: result: void
configure:12766: checking for strndup
configure:12766: gcc -o conftest  -std=c99 -D_GNU_SOURCE   conftest.c  >&5
configure:12766: $? = 0
configure:12766: result: yes
configure:12766: checking for inet_ntoa
configure:12766: gcc -o conftest  -std=c99 -D_GNU_SOURCE   conftest.c  >&5
configure:12766: $? = 0
configure:12766: result: yes
configure:12766: checking for memmove
configure:12766: gcc -o conftest  -std=c99 -D_GNU_SOURCE   conftest.c  >&5
conftest.c:58:6: warning: conflicting types for built-in function 'memmove' [enabled by default]
configure:12766: $? = 0
configure:12766: result: yes
configure:12766: checking for memset
configure:12766: gcc -o conftest  -std=c99 -D_GNU_SOURCE   conftest.c  >&5
conftest.c:59:6: warning: conflicting types for built-in function 'memset' [enabled by default]
configure:12766: $? = 0
configure:12766: result: yes
configure:12766: checking for strdup
configure:12766: gcc -o conftest  -std=c99 -D_GNU_SOURCE   conftest.c  >&5
configure:12766: $? = 0
configure:12766: result: yes
configure:12766: checking for strerror
configure:12766: gcc -o conftest  -std=c99 -D_GNU_SOURCE   conftest.c  >&5
configure:12766: $? = 0
configure:12766: result: yes
configure:12788: checking for bind
configure:12788: gcc -o conftest  -std=c99 -D_GNU_SOURCE   conftest.c  >&5
configure:12788: $? = 0
configure:12788: result: yes
configure:12797: checking if bind("::ffff:0.0.0.0") works
configure:12830: gcc -o conftest  -std=c99 -D_GNU_SOURCE   conftest.c  >&5
configure:12830: $? = 0
configure:12830: ./conftest
configure:12830: $? = 0
configure:12841: result: yes
configure:12892: checking ev.h usability
configure:12892: gcc -c  -std=c99 -D_GNU_SOURCE  -I/opt/dionaea/include conftest.c >&5
configure:12892: $? = 0
configure:12892: result: yes
configure:12892: checking ev.h presence
configure:12892: gcc -E  -I/opt/dionaea/include conftest.c
configure:12892: $? = 0
configure:12892: result: yes
configure:12892: checking for ev.h
configure:12892: result: yes
configure:12907: checking for ev_run in -lev
configure:12932: gcc -o conftest  -std=c99 -D_GNU_SOURCE  -I/opt/dionaea/include   -L/opt/dionaea/lib conftest.c -lev   >&5
configure:12932: $? = 0
configure:12941: result: yes
configure:13011: checking emu/emu.h usability
configure:13011: gcc -c  -std=c99 -D_GNU_SOURCE  -I/opt/dionaea/include/ conftest.c >&5
configure:13011: $? = 0
configure:13011: result: yes
configure:13011: checking emu/emu.h presence
configure:13011: gcc -E  -I/opt/dionaea/include/ conftest.c
configure:13011: $? = 0
configure:13011: result: yes
configure:13011: checking for emu/emu.h
configure:13011: result: yes
configure:13026: checking for emu_new in -lemu
configure:13051: gcc -o conftest  -std=c99 -D_GNU_SOURCE  -I/opt/dionaea/include/   -L/opt/dionaea/lib/ conftest.c -lemu   >&5
configure:13051: $? = 0
configure:13060: result: yes
configure:13129: checking cspm/cspm.h usability
configure:13129: gcc -c  -std=c99 -D_GNU_SOURCE  conftest.c >&5
conftest.c:75:23: fatal error: cspm/cspm.h: No such file or directory
compilation terminated.
configure:13129: $? = 1
configure: failed program was:
| /* confdefs.h */
| #define PACKAGE_NAME "dionaea"
| #define PACKAGE_TARNAME "dionaea"
| #define PACKAGE_VERSION "0.1.0"
| #define PACKAGE_STRING "dionaea 0.1.0"
| #define PACKAGE_BUGREPORT "nepenthesdev@gmail.com"
| #define PACKAGE_URL ""
| #define PACKAGE "dionaea"
| #define VERSION "0.1.0"
| #define STDC_HEADERS 1
| #define HAVE_SYS_TYPES_H 1
| #define HAVE_SYS_STAT_H 1
| #define HAVE_STDLIB_H 1
| #define HAVE_STRING_H 1
| #define HAVE_MEMORY_H 1
| #define HAVE_STRINGS_H 1
| #define HAVE_INTTYPES_H 1
| #define HAVE_STDINT_H 1
| #define HAVE_UNISTD_H 1
| #define HAVE_DLFCN_H 1
| #define LT_OBJDIR ".libs/"
| #define HAVE_STDINT_H 1
| #define HAVE_STDLIB_H 1
| #define HAVE_STRING_H 1
| #define HAVE_STRINGS_H 1
| #define HAVE_UNISTD_H 1
| #define HAVE_NETPACKET_PACKET_H 1
| #define HAVE_EXECINFO_H 1
| #define HAVE_LINUX_SOCKIOS_H 1
| #define RETSIGTYPE void
| #define RETSIGTYPE void
| #define HAVE_STRNDUP 1
| #define HAVE_INET_NTOA 1
| #define HAVE_MEMMOVE 1
| #define HAVE_MEMSET 1
| #define HAVE_STRDUP 1
| #define HAVE_STRERROR 1
| #define HAVE_BIND 1
| #define HAVE_LIBEV 1
| #define HAVE_LIBEMU 1
| /* end confdefs.h.  */
| #include <stdio.h>
| #ifdef HAVE_SYS_TYPES_H
| # include <sys/types.h>
| #endif
| #ifdef HAVE_SYS_STAT_H
| # include <sys/stat.h>
| #endif
| #ifdef STDC_HEADERS
| # include <stdlib.h>
| # include <stddef.h>
| #else
| # ifdef HAVE_STDLIB_H
| #  include <stdlib.h>
| # endif
| #endif
| #ifdef HAVE_STRING_H
| # if !defined STDC_HEADERS && defined HAVE_MEMORY_H
| #  include <memory.h>
| # endif
| # include <string.h>
| #endif
| #ifdef HAVE_STRINGS_H
| # include <strings.h>
| #endif
| #ifdef HAVE_INTTYPES_H
| # include <inttypes.h>
| #endif
| #ifdef HAVE_STDINT_H
| # include <stdint.h>
| #endif
| #ifdef HAVE_UNISTD_H
| # include <unistd.h>
| #endif
| #include <cspm/cspm.h>
configure:13129: result: no
configure:13129: checking cspm/cspm.h presence
configure:13129: gcc -E  conftest.c
conftest.c:42:23: fatal error: cspm/cspm.h: No such file or directory
compilation terminated.
configure:13129: $? = 1
configure: failed program was:
| /* confdefs.h */
| #define PACKAGE_NAME "dionaea"
| #define PACKAGE_TARNAME "dionaea"
| #define PACKAGE_VERSION "0.1.0"
| #define PACKAGE_STRING "dionaea 0.1.0"
| #define PACKAGE_BUGREPORT "nepenthesdev@gmail.com"
| #define PACKAGE_URL ""
| #define PACKAGE "dionaea"
| #define VERSION "0.1.0"
| #define STDC_HEADERS 1
| #define HAVE_SYS_TYPES_H 1
| #define HAVE_SYS_STAT_H 1
| #define HAVE_STDLIB_H 1
| #define HAVE_STRING_H 1
| #define HAVE_MEMORY_H 1
| #define HAVE_STRINGS_H 1
| #define HAVE_INTTYPES_H 1
| #define HAVE_STDINT_H 1
| #define HAVE_UNISTD_H 1
| #define HAVE_DLFCN_H 1
| #define LT_OBJDIR ".libs/"
| #define HAVE_STDINT_H 1
| #define HAVE_STDLIB_H 1
| #define HAVE_STRING_H 1
| #define HAVE_STRINGS_H 1
| #define HAVE_UNISTD_H 1
| #define HAVE_NETPACKET_PACKET_H 1
| #define HAVE_EXECINFO_H 1
| #define HAVE_LINUX_SOCKIOS_H 1
| #define RETSIGTYPE void
| #define RETSIGTYPE void
| #define HAVE_STRNDUP 1
| #define HAVE_INET_NTOA 1
| #define HAVE_MEMMOVE 1
| #define HAVE_MEMSET 1
| #define HAVE_STRDUP 1
| #define HAVE_STRERROR 1
| #define HAVE_BIND 1
| #define HAVE_LIBEV 1
| #define HAVE_LIBEMU 1
| /* end confdefs.h.  */
| #include <cspm/cspm.h>
configure:13129: result: no
configure:13129: checking for cspm/cspm.h
configure:13129: result: no
configure:13247: checking udns.h usability
configure:13247: gcc -c  -std=c99 -D_GNU_SOURCE  -I/opt/dionaea/include/ conftest.c >&5
configure:13247: $? = 0
configure:13247: result: yes
configure:13247: checking udns.h presence
configure:13247: gcc -E  -I/opt/dionaea/include/ conftest.c
configure:13247: $? = 0
configure:13247: result: yes
configure:13247: checking for udns.h
configure:13247: result: yes
configure:13262: checking for dns_submit_p in -ludns
configure:13287: gcc -o conftest  -std=c99 -D_GNU_SOURCE  -I/opt/dionaea/include/   -L/opt/dionaea/lib/ conftest.c -ludns   >&5
configure:13287: $? = 0
configure:13296: result: yes
configure:13364: checking gc.h usability
configure:13364: gcc -c  -std=c99 -D_GNU_SOURCE  -I/usr/include/gc conftest.c >&5
conftest.c:76:16: fatal error: gc.h: No such file or directory
compilation terminated.
configure:13364: $? = 1
configure: failed program was:
| /* confdefs.h */
| #define PACKAGE_NAME "dionaea"
| #define PACKAGE_TARNAME "dionaea"
| #define PACKAGE_VERSION "0.1.0"
| #define PACKAGE_STRING "dionaea 0.1.0"
| #define PACKAGE_BUGREPORT "nepenthesdev@gmail.com"
| #define PACKAGE_URL ""
| #define PACKAGE "dionaea"
| #define VERSION "0.1.0"
| #define STDC_HEADERS 1
| #define HAVE_SYS_TYPES_H 1
| #define HAVE_SYS_STAT_H 1
| #define HAVE_STDLIB_H 1
| #define HAVE_STRING_H 1
| #define HAVE_MEMORY_H 1
| #define HAVE_STRINGS_H 1
| #define HAVE_INTTYPES_H 1
| #define HAVE_STDINT_H 1
| #define HAVE_UNISTD_H 1
| #define HAVE_DLFCN_H 1
| #define LT_OBJDIR ".libs/"
| #define HAVE_STDINT_H 1
| #define HAVE_STDLIB_H 1
| #define HAVE_STRING_H 1
| #define HAVE_STRINGS_H 1
| #define HAVE_UNISTD_H 1
| #define HAVE_NETPACKET_PACKET_H 1
| #define HAVE_EXECINFO_H 1
| #define HAVE_LINUX_SOCKIOS_H 1
| #define RETSIGTYPE void
| #define RETSIGTYPE void
| #define HAVE_STRNDUP 1
| #define HAVE_INET_NTOA 1
| #define HAVE_MEMMOVE 1
| #define HAVE_MEMSET 1
| #define HAVE_STRDUP 1
| #define HAVE_STRERROR 1
| #define HAVE_BIND 1
| #define HAVE_LIBEV 1
| #define HAVE_LIBEMU 1
| #define HAVE_LIBUDNS 1
| /* end confdefs.h.  */
| #include <stdio.h>
| #ifdef HAVE_SYS_TYPES_H
| # include <sys/types.h>
| #endif
| #ifdef HAVE_SYS_STAT_H
| # include <sys/stat.h>
| #endif
| #ifdef STDC_HEADERS
| # include <stdlib.h>
| # include <stddef.h>
| #else
| # ifdef HAVE_STDLIB_H
| #  include <stdlib.h>
| # endif
| #endif
| #ifdef HAVE_STRING_H
| # if !defined STDC_HEADERS && defined HAVE_MEMORY_H
| #  include <memory.h>
| # endif
| # include <string.h>
| #endif
| #ifdef HAVE_STRINGS_H
| # include <strings.h>
| #endif
| #ifdef HAVE_INTTYPES_H
| # include <inttypes.h>
| #endif
| #ifdef HAVE_STDINT_H
| # include <stdint.h>
| #endif
| #ifdef HAVE_UNISTD_H
| # include <unistd.h>
| #endif
| #include <gc.h>
configure:13364: result: no
configure:13364: checking gc.h presence
configure:13364: gcc -E  -I/usr/include/gc conftest.c
conftest.c:43:16: fatal error: gc.h: No such file or directory
compilation terminated.
configure:13364: $? = 1
configure: failed program was:
| /* confdefs.h */
| #define PACKAGE_NAME "dionaea"
| #define PACKAGE_TARNAME "dionaea"
| #define PACKAGE_VERSION "0.1.0"
| #define PACKAGE_STRING "dionaea 0.1.0"
| #define PACKAGE_BUGREPORT "nepenthesdev@gmail.com"
| #define PACKAGE_URL ""
| #define PACKAGE "dionaea"
| #define VERSION "0.1.0"
| #define STDC_HEADERS 1
| #define HAVE_SYS_TYPES_H 1
| #define HAVE_SYS_STAT_H 1
| #define HAVE_STDLIB_H 1
| #define HAVE_STRING_H 1
| #define HAVE_MEMORY_H 1
| #define HAVE_STRINGS_H 1
| #define HAVE_INTTYPES_H 1
| #define HAVE_STDINT_H 1
| #define HAVE_UNISTD_H 1
| #define HAVE_DLFCN_H 1
| #define LT_OBJDIR ".libs/"
| #define HAVE_STDINT_H 1
| #define HAVE_STDLIB_H 1
| #define HAVE_STRING_H 1
| #define HAVE_STRINGS_H 1
| #define HAVE_UNISTD_H 1
| #define HAVE_NETPACKET_PACKET_H 1
| #define HAVE_EXECINFO_H 1
| #define HAVE_LINUX_SOCKIOS_H 1
| #define RETSIGTYPE void
| #define RETSIGTYPE void
| #define HAVE_STRNDUP 1
| #define HAVE_INET_NTOA 1
| #define HAVE_MEMMOVE 1
| #define HAVE_MEMSET 1
| #define HAVE_STRDUP 1
| #define HAVE_STRERROR 1
| #define HAVE_BIND 1
| #define HAVE_LIBEV 1
| #define HAVE_LIBEMU 1
| #define HAVE_LIBUDNS 1
| /* end confdefs.h.  */
| #include <gc.h>
configure:13364: result: no
configure:13364: checking for gc.h
configure:13364: result: no
configure:13482: checking openssl/ssl.h usability
configure:13482: gcc -c  -std=c99 -D_GNU_SOURCE  conftest.c >&5
configure:13482: $? = 0
configure:13482: result: yes
configure:13482: checking openssl/ssl.h presence
configure:13482: gcc -E  conftest.c
configure:13482: $? = 0
configure:13482: result: yes
configure:13482: checking for openssl/ssl.h
configure:13482: result: yes
configure:13497: checking for SSL_connect in -lssl
configure:13522: gcc -o conftest  -std=c99 -D_GNU_SOURCE   conftest.c -lssl   >&5
configure:13522: $? = 0
configure:13531: result: yes
configure:13658: checking pcap/sll.h usability
configure:13658: gcc -c  -std=c99 -D_GNU_SOURCE  -I/opt/dionaea/include conftest.c >&5
configure:13658: $? = 0
configure:13658: result: yes
configure:13658: checking pcap/sll.h presence
configure:13658: gcc -E  -I/opt/dionaea/include conftest.c
configure:13658: $? = 0
configure:13658: result: yes
configure:13658: checking for pcap/sll.h
configure:13658: result: yes
configure:13673: checking for pcap_open_live in -lpcap
configure:13698: gcc -o conftest  -std=c99 -D_GNU_SOURCE  -I/opt/dionaea/include   -L/opt/dionaea/lib/ conftest.c -lpcap   >&5
configure:13698: $? = 0
configure:13707: result: yes
configure:13776: checking libnetfilter_queue/libnetfilter_queue.h usability
configure:13776: gcc -c  -std=c99 -D_GNU_SOURCE  conftest.c >&5
conftest.c:78:51: fatal error: libnetfilter_queue/libnetfilter_queue.h: No such file or directory
compilation terminated.
configure:13776: $? = 1
configure: failed program was:
| /* confdefs.h */
| #define PACKAGE_NAME "dionaea"
| #define PACKAGE_TARNAME "dionaea"
| #define PACKAGE_VERSION "0.1.0"
| #define PACKAGE_STRING "dionaea 0.1.0"
| #define PACKAGE_BUGREPORT "nepenthesdev@gmail.com"
| #define PACKAGE_URL ""
| #define PACKAGE "dionaea"
| #define VERSION "0.1.0"
| #define STDC_HEADERS 1
| #define HAVE_SYS_TYPES_H 1
| #define HAVE_SYS_STAT_H 1
| #define HAVE_STDLIB_H 1
| #define HAVE_STRING_H 1
| #define HAVE_MEMORY_H 1
| #define HAVE_STRINGS_H 1
| #define HAVE_INTTYPES_H 1
| #define HAVE_STDINT_H 1
| #define HAVE_UNISTD_H 1
| #define HAVE_DLFCN_H 1
| #define LT_OBJDIR ".libs/"
| #define HAVE_STDINT_H 1
| #define HAVE_STDLIB_H 1
| #define HAVE_STRING_H 1
| #define HAVE_STRINGS_H 1
| #define HAVE_UNISTD_H 1
| #define HAVE_NETPACKET_PACKET_H 1
| #define HAVE_EXECINFO_H 1
| #define HAVE_LINUX_SOCKIOS_H 1
| #define RETSIGTYPE void
| #define RETSIGTYPE void
| #define HAVE_STRNDUP 1
| #define HAVE_INET_NTOA 1
| #define HAVE_MEMMOVE 1
| #define HAVE_MEMSET 1
| #define HAVE_STRDUP 1
| #define HAVE_STRERROR 1
| #define HAVE_BIND 1
| #define HAVE_LIBEV 1
| #define HAVE_LIBEMU 1
| #define HAVE_LIBUDNS 1
| #define HAVE_LIBSSL 1
| #define HAVE_LIBPCAP 1
| /* end confdefs.h.  */
| #include <stdio.h>
| #ifdef HAVE_SYS_TYPES_H
| # include <sys/types.h>
| #endif
| #ifdef HAVE_SYS_STAT_H
| # include <sys/stat.h>
| #endif
| #ifdef STDC_HEADERS
| # include <stdlib.h>
| # include <stddef.h>
| #else
| # ifdef HAVE_STDLIB_H
| #  include <stdlib.h>
| # endif
| #endif
| #ifdef HAVE_STRING_H
| # if !defined STDC_HEADERS && defined HAVE_MEMORY_H
| #  include <memory.h>
| # endif
| # include <string.h>
| #endif
| #ifdef HAVE_STRINGS_H
| # include <strings.h>
| #endif
| #ifdef HAVE_INTTYPES_H
| # include <inttypes.h>
| #endif
| #ifdef HAVE_STDINT_H
| # include <stdint.h>
| #endif
| #ifdef HAVE_UNISTD_H
| # include <unistd.h>
| #endif
| #include <libnetfilter_queue/libnetfilter_queue.h>
configure:13776: result: no
configure:13776: checking libnetfilter_queue/libnetfilter_queue.h presence
configure:13776: gcc -E  conftest.c
conftest.c:45:51: fatal error: libnetfilter_queue/libnetfilter_queue.h: No such file or directory
compilation terminated.
configure:13776: $? = 1
configure: failed program was:
| /* confdefs.h */
| #define PACKAGE_NAME "dionaea"
| #define PACKAGE_TARNAME "dionaea"
| #define PACKAGE_VERSION "0.1.0"
| #define PACKAGE_STRING "dionaea 0.1.0"
| #define PACKAGE_BUGREPORT "nepenthesdev@gmail.com"
| #define PACKAGE_URL ""
| #define PACKAGE "dionaea"
| #define VERSION "0.1.0"
| #define STDC_HEADERS 1
| #define HAVE_SYS_TYPES_H 1
| #define HAVE_SYS_STAT_H 1
| #define HAVE_STDLIB_H 1
| #define HAVE_STRING_H 1
| #define HAVE_MEMORY_H 1
| #define HAVE_STRINGS_H 1
| #define HAVE_INTTYPES_H 1
| #define HAVE_STDINT_H 1
| #define HAVE_UNISTD_H 1
| #define HAVE_DLFCN_H 1
| #define LT_OBJDIR ".libs/"
| #define HAVE_STDINT_H 1
| #define HAVE_STDLIB_H 1
| #define HAVE_STRING_H 1
| #define HAVE_STRINGS_H 1
| #define HAVE_UNISTD_H 1
| #define HAVE_NETPACKET_PACKET_H 1
| #define HAVE_EXECINFO_H 1
| #define HAVE_LINUX_SOCKIOS_H 1
| #define RETSIGTYPE void
| #define RETSIGTYPE void
| #define HAVE_STRNDUP 1
| #define HAVE_INET_NTOA 1
| #define HAVE_MEMMOVE 1
| #define HAVE_MEMSET 1
| #define HAVE_STRDUP 1
| #define HAVE_STRERROR 1
| #define HAVE_BIND 1
| #define HAVE_LIBEV 1
| #define HAVE_LIBEMU 1
| #define HAVE_LIBUDNS 1
| #define HAVE_LIBSSL 1
| #define HAVE_LIBPCAP 1
| /* end confdefs.h.  */
| #include <libnetfilter_queue/libnetfilter_queue.h>
configure:13776: result: no
configure:13776: checking for libnetfilter_queue/libnetfilter_queue.h
configure:13776: result: no
configure:13895: checking xmatch.h usability
configure:13895: gcc -c  -std=c99 -D_GNU_SOURCE  conftest.c >&5
conftest.c:78:20: fatal error: xmatch.h: No such file or directory
compilation terminated.
configure:13895: $? = 1
configure: failed program was:
| /* confdefs.h */
| #define PACKAGE_NAME "dionaea"
| #define PACKAGE_TARNAME "dionaea"
| #define PACKAGE_VERSION "0.1.0"
| #define PACKAGE_STRING "dionaea 0.1.0"
| #define PACKAGE_BUGREPORT "nepenthesdev@gmail.com"
| #define PACKAGE_URL ""
| #define PACKAGE "dionaea"
| #define VERSION "0.1.0"
| #define STDC_HEADERS 1
| #define HAVE_SYS_TYPES_H 1
| #define HAVE_SYS_STAT_H 1
| #define HAVE_STDLIB_H 1
| #define HAVE_STRING_H 1
| #define HAVE_MEMORY_H 1
| #define HAVE_STRINGS_H 1
| #define HAVE_INTTYPES_H 1
| #define HAVE_STDINT_H 1
| #define HAVE_UNISTD_H 1
| #define HAVE_DLFCN_H 1
| #define LT_OBJDIR ".libs/"
| #define HAVE_STDINT_H 1
| #define HAVE_STDLIB_H 1
| #define HAVE_STRING_H 1
| #define HAVE_STRINGS_H 1
| #define HAVE_UNISTD_H 1
| #define HAVE_NETPACKET_PACKET_H 1
| #define HAVE_EXECINFO_H 1
| #define HAVE_LINUX_SOCKIOS_H 1
| #define RETSIGTYPE void
| #define RETSIGTYPE void
| #define HAVE_STRNDUP 1
| #define HAVE_INET_NTOA 1
| #define HAVE_MEMMOVE 1
| #define HAVE_MEMSET 1
| #define HAVE_STRDUP 1
| #define HAVE_STRERROR 1
| #define HAVE_BIND 1
| #define HAVE_LIBEV 1
| #define HAVE_LIBEMU 1
| #define HAVE_LIBUDNS 1
| #define HAVE_LIBSSL 1
| #define HAVE_LIBPCAP 1
| /* end confdefs.h.  */
| #include <stdio.h>
| #ifdef HAVE_SYS_TYPES_H
| # include <sys/types.h>
| #endif
| #ifdef HAVE_SYS_STAT_H
| # include <sys/stat.h>
| #endif
| #ifdef STDC_HEADERS
| # include <stdlib.h>
| # include <stddef.h>
| #else
| # ifdef HAVE_STDLIB_H
| #  include <stdlib.h>
| # endif
| #endif
| #ifdef HAVE_STRING_H
| # if !defined STDC_HEADERS && defined HAVE_MEMORY_H
| #  include <memory.h>
| # endif
| # include <string.h>
| #endif
| #ifdef HAVE_STRINGS_H
| # include <strings.h>
| #endif
| #ifdef HAVE_INTTYPES_H
| # include <inttypes.h>
| #endif
| #ifdef HAVE_STDINT_H
| # include <stdint.h>
| #endif
| #ifdef HAVE_UNISTD_H
| # include <unistd.h>
| #endif
| #include <xmatch.h>
configure:13895: result: no
configure:13895: checking xmatch.h presence
configure:13895: gcc -E  conftest.c
conftest.c:45:20: fatal error: xmatch.h: No such file or directory
compilation terminated.
configure:13895: $? = 1
configure: failed program was:
| /* confdefs.h */
| #define PACKAGE_NAME "dionaea"
| #define PACKAGE_TARNAME "dionaea"
| #define PACKAGE_VERSION "0.1.0"
| #define PACKAGE_STRING "dionaea 0.1.0"
| #define PACKAGE_BUGREPORT "nepenthesdev@gmail.com"
| #define PACKAGE_URL ""
| #define PACKAGE "dionaea"
| #define VERSION "0.1.0"
| #define STDC_HEADERS 1
| #define HAVE_SYS_TYPES_H 1
| #define HAVE_SYS_STAT_H 1
| #define HAVE_STDLIB_H 1
| #define HAVE_STRING_H 1
| #define HAVE_MEMORY_H 1
| #define HAVE_STRINGS_H 1
| #define HAVE_INTTYPES_H 1
| #define HAVE_STDINT_H 1
| #define HAVE_UNISTD_H 1
| #define HAVE_DLFCN_H 1
| #define LT_OBJDIR ".libs/"
| #define HAVE_STDINT_H 1
| #define HAVE_STDLIB_H 1
| #define HAVE_STRING_H 1
| #define HAVE_STRINGS_H 1
| #define HAVE_UNISTD_H 1
| #define HAVE_NETPACKET_PACKET_H 1
| #define HAVE_EXECINFO_H 1
| #define HAVE_LINUX_SOCKIOS_H 1
| #define RETSIGTYPE void
| #define RETSIGTYPE void
| #define HAVE_STRNDUP 1
| #define HAVE_INET_NTOA 1
| #define HAVE_MEMMOVE 1
| #define HAVE_MEMSET 1
| #define HAVE_STRDUP 1
| #define HAVE_STRERROR 1
| #define HAVE_BIND 1
| #define HAVE_LIBEV 1
| #define HAVE_LIBEMU 1
| #define HAVE_LIBUDNS 1
| #define HAVE_LIBSSL 1
| #define HAVE_LIBPCAP 1
| /* end confdefs.h.  */
| #include <xmatch.h>
configure:13895: result: no
configure:13895: checking for xmatch.h
configure:13895: result: no
configure:14046: checking for pkg-config
configure:14064: found /usr/bin/pkg-config
configure:14076: result: /usr/bin/pkg-config
configure:14101: checking pkg-config is at least version 0.9.0
configure:14104: result: yes
configure:14114: checking for glib
configure:14121: $PKG_CONFIG --exists --print-errors "glib-2.0"
configure:14124: $? = 0
configure:14138: $PKG_CONFIG --exists --print-errors "glib-2.0"
configure:14141: $? = 0
configure:14199: result: yes
configure:14205: checking for gthread
configure:14212: $PKG_CONFIG --exists --print-errors "gthread-2.0"
configure:14215: $? = 0
configure:14229: $PKG_CONFIG --exists --print-errors "gthread-2.0"
configure:14232: $? = 0
configure:14290: result: yes
configure:14296: checking for gmodule
configure:14303: $PKG_CONFIG --exists --print-errors "gmodule-2.0"
configure:14306: $? = 0
configure:14320: $PKG_CONFIG --exists --print-errors "gmodule-2.0"
configure:14323: $? = 0
configure:14381: result: yes
configure:14419: checking for --enable-python
configure:14498: result: no
configure:14567: checking for --with-python
configure:14662: result: /opt/dionaea/bin/python3.2
configure:14712: checking for python3.2
configure:14742: result: /opt/dionaea/bin/python3.2
configure:14771: checking whether /opt/dionaea/bin/python3.2 version >= 3.2 
configure:14804: result: yes
configure:14829: PYTHON_CSPEC=-fPIC -I/opt/dionaea/include/python3.2m
configure:14871: PYTHON_LSPEC=-Wl,-rpath=/opt/dionaea/lib/ -L/usr/lib/x86_64-linux-gnu/ -Xlinker -export-dynamic -lm -lpthread -ldl  -lutil -lpython3.2m
configure:14910: checking for cython
configure:14928: found /opt/dionaea/bin/cython
configure:14941: result: /opt/dionaea/bin/cython
configure:14995: checking lcfg/lcfg.h usability
configure:14995: gcc -c  -std=c99 -D_GNU_SOURCE  -I/opt/dionaea/include/ conftest.c >&5
configure:14995: $? = 0
configure:14995: result: yes
configure:14995: checking lcfg/lcfg.h presence
configure:14995: gcc -E  -I/opt/dionaea/include/ conftest.c
configure:14995: $? = 0
configure:14995: result: yes
configure:14995: checking for lcfg/lcfg.h
configure:14995: result: yes
configure:15010: checking for lcfg_new in -llcfg
configure:15035: gcc -o conftest  -std=c99 -D_GNU_SOURCE  -I/opt/dionaea/include/   -L/opt/dionaea/lib/ conftest.c -llcfg   >&5
configure:15035: $? = 0
configure:15044: result: yes
configure:15115: checking netlink/netlink.h usability
configure:15115: gcc -c  -std=c99 -D_GNU_SOURCE  -I/opt/dionaea/include conftest.c >&5
conftest.c:80:29: fatal error: netlink/netlink.h: No such file or directory
compilation terminated.
configure:15115: $? = 1
configure: failed program was:
| /* confdefs.h */
| #define PACKAGE_NAME "dionaea"
| #define PACKAGE_TARNAME "dionaea"
| #define PACKAGE_VERSION "0.1.0"
| #define PACKAGE_STRING "dionaea 0.1.0"
| #define PACKAGE_BUGREPORT "nepenthesdev@gmail.com"
| #define PACKAGE_URL ""
| #define PACKAGE "dionaea"
| #define VERSION "0.1.0"
| #define STDC_HEADERS 1
| #define HAVE_SYS_TYPES_H 1
| #define HAVE_SYS_STAT_H 1
| #define HAVE_STDLIB_H 1
| #define HAVE_STRING_H 1
| #define HAVE_MEMORY_H 1
| #define HAVE_STRINGS_H 1
| #define HAVE_INTTYPES_H 1
| #define HAVE_STDINT_H 1
| #define HAVE_UNISTD_H 1
| #define HAVE_DLFCN_H 1
| #define LT_OBJDIR ".libs/"
| #define HAVE_STDINT_H 1
| #define HAVE_STDLIB_H 1
| #define HAVE_STRING_H 1
| #define HAVE_STRINGS_H 1
| #define HAVE_UNISTD_H 1
| #define HAVE_NETPACKET_PACKET_H 1
| #define HAVE_EXECINFO_H 1
| #define HAVE_LINUX_SOCKIOS_H 1
| #define RETSIGTYPE void
| #define RETSIGTYPE void
| #define HAVE_STRNDUP 1
| #define HAVE_INET_NTOA 1
| #define HAVE_MEMMOVE 1
| #define HAVE_MEMSET 1
| #define HAVE_STRDUP 1
| #define HAVE_STRERROR 1
| #define HAVE_BIND 1
| #define HAVE_LIBEV 1
| #define HAVE_LIBEMU 1
| #define HAVE_LIBUDNS 1
| #define HAVE_LIBSSL 1
| #define HAVE_LIBPCAP 1
| #define PYTHON_PATH "/opt/dionaea/bin/python3.2"
| #define HAVE_LIBLCFG 1
| /* end confdefs.h.  */
| #include <stdio.h>
| #ifdef HAVE_SYS_TYPES_H
| # include <sys/types.h>
| #endif
| #ifdef HAVE_SYS_STAT_H
| # include <sys/stat.h>
| #endif
| #ifdef STDC_HEADERS
| # include <stdlib.h>
| # include <stddef.h>
| #else
| # ifdef HAVE_STDLIB_H
| #  include <stdlib.h>
| # endif
| #endif
| #ifdef HAVE_STRING_H
| # if !defined STDC_HEADERS && defined HAVE_MEMORY_H
| #  include <memory.h>
| # endif
| # include <string.h>
| #endif
| #ifdef HAVE_STRINGS_H
| # include <strings.h>
| #endif
| #ifdef HAVE_INTTYPES_H
| # include <inttypes.h>
| #endif
| #ifdef HAVE_STDINT_H
| # include <stdint.h>
| #endif
| #ifdef HAVE_UNISTD_H
| # include <unistd.h>
| #endif
| #include <netlink/netlink.h>
configure:15115: result: no
configure:15115: checking netlink/netlink.h presence
configure:15115: gcc -E  -I/opt/dionaea/include conftest.c
conftest.c:47:29: fatal error: netlink/netlink.h: No such file or directory
compilation terminated.
configure:15115: $? = 1
configure: failed program was:
| /* confdefs.h */
| #define PACKAGE_NAME "dionaea"
| #define PACKAGE_TARNAME "dionaea"
| #define PACKAGE_VERSION "0.1.0"
| #define PACKAGE_STRING "dionaea 0.1.0"
| #define PACKAGE_BUGREPORT "nepenthesdev@gmail.com"
| #define PACKAGE_URL ""
| #define PACKAGE "dionaea"
| #define VERSION "0.1.0"
| #define STDC_HEADERS 1
| #define HAVE_SYS_TYPES_H 1
| #define HAVE_SYS_STAT_H 1
| #define HAVE_STDLIB_H 1
| #define HAVE_STRING_H 1
| #define HAVE_MEMORY_H 1
| #define HAVE_STRINGS_H 1
| #define HAVE_INTTYPES_H 1
| #define HAVE_STDINT_H 1
| #define HAVE_UNISTD_H 1
| #define HAVE_DLFCN_H 1
| #define LT_OBJDIR ".libs/"
| #define HAVE_STDINT_H 1
| #define HAVE_STDLIB_H 1
| #define HAVE_STRING_H 1
| #define HAVE_STRINGS_H 1
| #define HAVE_UNISTD_H 1
| #define HAVE_NETPACKET_PACKET_H 1
| #define HAVE_EXECINFO_H 1
| #define HAVE_LINUX_SOCKIOS_H 1
| #define RETSIGTYPE void
| #define RETSIGTYPE void
| #define HAVE_STRNDUP 1
| #define HAVE_INET_NTOA 1
| #define HAVE_MEMMOVE 1
| #define HAVE_MEMSET 1
| #define HAVE_STRDUP 1
| #define HAVE_STRERROR 1
| #define HAVE_BIND 1
| #define HAVE_LIBEV 1
| #define HAVE_LIBEMU 1
| #define HAVE_LIBUDNS 1
| #define HAVE_LIBSSL 1
| #define HAVE_LIBPCAP 1
| #define PYTHON_PATH "/opt/dionaea/bin/python3.2"
| #define HAVE_LIBLCFG 1
| /* end confdefs.h.  */
| #include <netlink/netlink.h>
configure:15115: result: no
configure:15115: checking for netlink/netlink.h
configure:15115: result: no
configure:15296: checking for curl-config
configure:15314: found /usr/bin//curl-config
configure:15327: result: /usr/bin//curl-config
configure:15355: checking for loudmouth
configure:15362: $PKG_CONFIG --exists --print-errors "loudmouth"
Package loudmouth was not found in the pkg-config search path.
Perhaps you should add the directory containing `loudmouth.pc'
to the PKG_CONFIG_PATH environment variable
No package 'loudmouth' found
configure:15365: $? = 1
configure:15379: $PKG_CONFIG --exists --print-errors "loudmouth"
Package loudmouth was not found in the pkg-config search path.
Perhaps you should add the directory containing `loudmouth.pc'
to the PKG_CONFIG_PATH environment variable
No package 'loudmouth' found
configure:15382: $? = 1
configure:15396: result: no
No package 'loudmouth' found
configure:15428: checking for loudmouth
configure:15435: $PKG_CONFIG --exists --print-errors "loudmouth-1.0"
Package loudmouth-1.0 was not found in the pkg-config search path.
Perhaps you should add the directory containing `loudmouth-1.0.pc'
to the PKG_CONFIG_PATH environment variable
No package 'loudmouth-1.0' found
configure:15438: $? = 1
configure:15452: $PKG_CONFIG --exists --print-errors "loudmouth-1.0"
Package loudmouth-1.0 was not found in the pkg-config search path.
Perhaps you should add the directory containing `loudmouth-1.0.pc'
to the PKG_CONFIG_PATH environment variable
No package 'loudmouth-1.0' found
configure:15455: $? = 1
configure:15469: result: no
No package 'loudmouth-1.0' found
configure:15589: checking whether you are looking for 'performance'
configure:15607: result: no
configure:15613: checking whether debug code generation should be enabled
configure:15634: result: yes
configure:15639: checking whether you want Werror
configure:15653: result: yes
configure:15680: checking DEPENDENCY emu
configure:15689: result: yes
configure:15680: checking DEPENDENCY ev
configure:15689: result: yes
configure:15680: checking DEPENDENCY curl
configure:15689: result: yes
configure:15680: checking DEPENDENCY cython
configure:15689: result: yes
configure:15680: checking DEPENDENCY python
configure:15689: result: yes
configure:15680: checking DEPENDENCY glib
configure:15689: result: yes
configure:15680: checking DEPENDENCY udns
configure:15689: result: yes
configure:15680: checking DEPENDENCY ssl
configure:15689: result: yes
configure:15694: checking if all required dependencies are installed properly
configure:15699: result: yes - well done, you read the documentation
configure:16032: creating ./config.status

## ---------------------- ##
## Running config.status. ##
## ---------------------- ##

This file was extended by dionaea config.status 0.1.0, which was
generated by GNU Autoconf 2.68.  Invocation command line was

  CONFIG_FILES    = 
  CONFIG_HEADERS  = 
  CONFIG_LINKS    = 
  CONFIG_COMMANDS = 
  $ ./config.status 

on Data-Honeypot

config.status:1211: creating Makefile
config.status:1211: creating src/Makefile
config.status:1211: creating include/Makefile
config.status:1211: creating modules/Makefile
config.status:1211: creating modules/nc/Makefile
config.status:1211: creating modules/python/Makefile
config.status:1211: creating modules/python/setup.py
config.status:1211: creating modules/python/scripts/Makefile
config.status:1211: creating modules/python/util/Makefile
config.status:1211: creating modules/emu/Makefile
config.status:1211: creating modules/curl/Makefile
config.status:1211: creating modules/nl/Makefile
config.status:1211: creating modules/nfq/Makefile
config.status:1211: creating modules/xmatch/Makefile
config.status:1211: creating modules/pcap/Makefile
config.status:1211: creating config.h
config.status:1440: executing depfiles commands
config.status:1440: executing libtool commands

## ---------------- ##
## Cache variables. ##
## ---------------- ##

ac_cv_build=x86_64-unknown-linux-gnu
ac_cv_c_bigendian=no
ac_cv_c_compiler_gnu=yes
ac_cv_c_const=yes
ac_cv_c_inline=inline
ac_cv_env_CC_set=
ac_cv_env_CC_value=
ac_cv_env_CFLAGS_set=
ac_cv_env_CFLAGS_value=
ac_cv_env_CPPFLAGS_set=
ac_cv_env_CPPFLAGS_value=
ac_cv_env_CPP_set=
ac_cv_env_CPP_value=
ac_cv_env_LDFLAGS_set=
ac_cv_env_LDFLAGS_value=
ac_cv_env_LIBS_set=
ac_cv_env_LIBS_value=
ac_cv_env_PKG_CONFIG_LIBDIR_set=
ac_cv_env_PKG_CONFIG_LIBDIR_value=
ac_cv_env_PKG_CONFIG_PATH_set=
ac_cv_env_PKG_CONFIG_PATH_value=
ac_cv_env_PKG_CONFIG_set=
ac_cv_env_PKG_CONFIG_value=
ac_cv_env_PYTHON_set=
ac_cv_env_PYTHON_value=
ac_cv_env_build_alias_set=
ac_cv_env_build_alias_value=
ac_cv_env_glib_CFLAGS_set=
ac_cv_env_glib_CFLAGS_value=
ac_cv_env_glib_LIBS_set=
ac_cv_env_glib_LIBS_value=
ac_cv_env_gmodule_CFLAGS_set=
ac_cv_env_gmodule_CFLAGS_value=
ac_cv_env_gmodule_LIBS_set=
ac_cv_env_gmodule_LIBS_value=
ac_cv_env_gthread_CFLAGS_set=
ac_cv_env_gthread_CFLAGS_value=
ac_cv_env_gthread_LIBS_set=
ac_cv_env_gthread_LIBS_value=
ac_cv_env_host_alias_set=
ac_cv_env_host_alias_value=
ac_cv_env_loudmouth_CFLAGS_set=
ac_cv_env_loudmouth_CFLAGS_value=
ac_cv_env_loudmouth_LIBS_set=
ac_cv_env_loudmouth_LIBS_value=
ac_cv_env_target_alias_set=
ac_cv_env_target_alias_value=
ac_cv_func_bind=yes
ac_cv_func_inet_ntoa=yes
ac_cv_func_memmove=yes
ac_cv_func_memset=yes
ac_cv_func_strdup=yes
ac_cv_func_strerror=yes
ac_cv_func_strndup=yes
ac_cv_have_bind_ipv4_mapped_localhost=yes
ac_cv_header_cspm_cspm_h=no
ac_cv_header_dlfcn_h=yes
ac_cv_header_emu_emu_h=yes
ac_cv_header_ev_h=yes
ac_cv_header_execinfo_h=yes
ac_cv_header_gc_h=no
ac_cv_header_inttypes_h=yes
ac_cv_header_lcfg_lcfg_h=yes
ac_cv_header_libnetfilter_queue_libnetfilter_queue_h=no
ac_cv_header_linux_sockios_h=yes
ac_cv_header_memory_h=yes
ac_cv_header_netlink_netlink_h=no
ac_cv_header_netpacket_packet_h=yes
ac_cv_header_openssl_ssl_h=yes
ac_cv_header_pcap_sll_h=yes
ac_cv_header_stdc=yes
ac_cv_header_stdint_h=yes
ac_cv_header_stdlib_h=yes
ac_cv_header_string_h=yes
ac_cv_header_strings_h=yes
ac_cv_header_sys_stat_h=yes
ac_cv_header_sys_types_h=yes
ac_cv_header_udns_h=yes
ac_cv_header_unistd_h=yes
ac_cv_header_xmatch_h=no
ac_cv_host=x86_64-unknown-linux-gnu
ac_cv_lib_emu_emu_new=yes
ac_cv_lib_error_at_line=yes
ac_cv_lib_ev_ev_run=yes
ac_cv_lib_lcfg_lcfg_new=yes
ac_cv_lib_pcap_pcap_open_live=yes
ac_cv_lib_ssl_SSL_connect=yes
ac_cv_lib_udns_dns_submit_p=yes
ac_cv_objext=o
ac_cv_path_CURL_CONFIG_BIN=/usr/bin//curl-config
ac_cv_path_CYTHON_BIN=/opt/dionaea/bin/cython
ac_cv_path_EGREP='/bin/grep -E'
ac_cv_path_FGREP='/bin/grep -F'
ac_cv_path_GREP=/bin/grep
ac_cv_path_PYTHON=/opt/dionaea/bin/python3.2
ac_cv_path_SED=/bin/sed
ac_cv_path_ac_pt_PKG_CONFIG=/usr/bin/pkg-config
ac_cv_path_install='/usr/bin/install -c'
ac_cv_path_mkdir=/bin/mkdir
ac_cv_prog_AWK=mawk
ac_cv_prog_CPP='gcc -E'
ac_cv_prog_ac_ct_AR=ar
ac_cv_prog_ac_ct_CC=gcc
ac_cv_prog_ac_ct_MANIFEST_TOOL=mt
ac_cv_prog_ac_ct_OBJDUMP=objdump
ac_cv_prog_ac_ct_RANLIB=ranlib
ac_cv_prog_ac_ct_STRIP=strip
ac_cv_prog_cc_c89=
ac_cv_prog_cc_g=yes
ac_cv_prog_make_make_set=yes
ac_cv_struct_tm=time.h
ac_cv_type_signal=void
ac_cv_type_size_t=yes
ac_cv_type_uid_t=yes
am_cv_CC_dependencies_compiler_type=gcc3
lt_cv_ar_at_file=@
lt_cv_archive_cmds_need_lc=no
lt_cv_deplibs_check_method=pass_all
lt_cv_file_magic_cmd='$MAGIC_CMD'
lt_cv_file_magic_test_file=
lt_cv_ld_reload_flag=-r
lt_cv_nm_interface='BSD nm'
lt_cv_objdir=.libs
lt_cv_path_LD=/usr/bin/ld
lt_cv_path_NM='/usr/bin/nm -B'
lt_cv_path_mainfest_tool=no
lt_cv_prog_compiler_c_o=yes
lt_cv_prog_compiler_pic='-fPIC -DPIC'
lt_cv_prog_compiler_pic_works=yes
lt_cv_prog_compiler_rtti_exceptions=no
lt_cv_prog_compiler_static_works=yes
lt_cv_prog_gnu_ld=yes
lt_cv_sharedlib_from_linklib_cmd='printf %s\n'
lt_cv_shlibpath_overrides_runpath=no
lt_cv_sys_global_symbol_pipe='sed -n -e '\''s/^.*[	 ]\([ABCDGIRSTW][ABCDGIRSTW]*\)[	 ][	 ]*\([_A-Za-z][_A-Za-z0-9]*\)$/\1 \2 \2/p'\'' | sed '\''/ __gnu_lto/d'\'''
lt_cv_sys_global_symbol_to_c_name_address='sed -n -e '\''s/^: \([^ ]*\)[ ]*$/  {\"\1\", (void *) 0},/p'\'' -e '\''s/^[ABCDGIRSTW]* \([^ ]*\) \([^ ]*\)$/  {"\2", (void *) \&\2},/p'\'''
lt_cv_sys_global_symbol_to_c_name_address_lib_prefix='sed -n -e '\''s/^: \([^ ]*\)[ ]*$/  {\"\1\", (void *) 0},/p'\'' -e '\''s/^[ABCDGIRSTW]* \([^ ]*\) \(lib[^ ]*\)$/  {"\2", (void *) \&\2},/p'\'' -e '\''s/^[ABCDGIRSTW]* \([^ ]*\) \([^ ]*\)$/  {"lib\2", (void *) \&\2},/p'\'''
lt_cv_sys_global_symbol_to_cdecl='sed -n -e '\''s/^T .* \(.*\)$/extern int \1();/p'\'' -e '\''s/^[ABCDGIRSTW]* .* \(.*\)$/extern char \1;/p'\'''
lt_cv_sys_max_cmd_len=1572864
lt_cv_to_host_file_cmd=func_convert_file_noop
lt_cv_to_tool_file_cmd=func_convert_file_noop
pkg_cv_glib_CFLAGS='-I/usr/include/glib-2.0 -I/usr/lib/x86_64-linux-gnu/glib-2.0/include  '
pkg_cv_glib_LIBS='-lglib-2.0  '
pkg_cv_gmodule_CFLAGS='-pthread -I/usr/include/glib-2.0 -I/usr/lib/x86_64-linux-gnu/glib-2.0/include  '
pkg_cv_gmodule_LIBS='-Wl,--export-dynamic -pthread -lgmodule-2.0 -lrt -lglib-2.0  '
pkg_cv_gthread_CFLAGS='-pthread -I/usr/include/glib-2.0 -I/usr/lib/x86_64-linux-gnu/glib-2.0/include  '
pkg_cv_gthread_LIBS='-pthread -lgthread-2.0 -lrt -lglib-2.0  '

## ----------------- ##
## Output variables. ##
## ----------------- ##

ACLOCAL='${SHELL} /opt/dionaea/dionaea/missing --run aclocal-1.11'
AMDEPBACKSLASH='\'
AMDEP_FALSE='#'
AMDEP_TRUE=''
AMTAR='$${TAR-tar}'
AR='ar'
AUTOCONF='${SHELL} /opt/dionaea/dionaea/missing --run autoconf'
AUTOHEADER='${SHELL} /opt/dionaea/dionaea/missing --run autoheader'
AUTOMAKE='${SHELL} /opt/dionaea/dionaea/missing --run automake-1.11'
AWK='mawk'
BUILD_CSPM_MODULE_FALSE=''
BUILD_CSPM_MODULE_TRUE='#'
BUILD_CURL_MODULE_FALSE='#'
BUILD_CURL_MODULE_TRUE=''
BUILD_EMU_MODULE_FALSE='#'
BUILD_EMU_MODULE_TRUE=''
BUILD_LOUDMOUTH_MODULE_FALSE=''
BUILD_LOUDMOUTH_MODULE_TRUE='#'
BUILD_NFQ_MODULE_FALSE=''
BUILD_NFQ_MODULE_TRUE='#'
BUILD_NL_MODULE_FALSE=''
BUILD_NL_MODULE_TRUE='#'
BUILD_PCAP_MODULE_FALSE='#'
BUILD_PCAP_MODULE_TRUE=''
BUILD_PYTHON_MODULE_FALSE='#'
BUILD_PYTHON_MODULE_TRUE=''
BUILD_XMATCH_MODULE_FALSE=''
BUILD_XMATCH_MODULE_TRUE='#'
CC='gcc'
CCDEPMODE='depmode=gcc3'
CFLAGS=' -std=c99 -D_GNU_SOURCE -D_GNU_SOURCE -I/opt/dionaea/include -DEV_COMPAT3=0 -I/usr/include/glib-2.0 -I/usr/lib/x86_64-linux-gnu/glib-2.0/include   -pthread -I/usr/include/glib-2.0 -I/usr/lib/x86_64-linux-gnu/glib-2.0/include   -pthread -I/usr/include/glib-2.0 -I/usr/lib/x86_64-linux-gnu/glib-2.0/include   -I/opt/dionaea/include/ -Wall -Werror -Wstrict-prototypes -g '
CFLAGS_DEBUG='-g'
CFLAGS_DEFAULT='-Wall -Werror'
CPP='gcc -E'
CPPFLAGS=''
CURL_CONFIG_BIN='/usr/bin//curl-config'
CYGPATH_W='echo'
CYTHON_BIN='/opt/dionaea/bin/cython'
DATADIR='/opt/dionaea/share'
DATAROOTDIR='/opt/dionaea/share'
DEFS='-DHAVE_CONFIG_H'
DEPDIR='.deps'
DLLTOOL='false'
DSYMUTIL=''
DUMPBIN=''
ECHO_C=''
ECHO_N='-n'
ECHO_T=''
EGREP='/bin/grep -E'
EXEEXT=''
FGREP='/bin/grep -F'
GREP='/bin/grep'
INSTALL_DATA='${INSTALL} -m 644'
INSTALL_PROGRAM='${INSTALL}'
INSTALL_SCRIPT='${INSTALL}'
INSTALL_STRIP_PROGRAM='$(install_sh) -c -s'
LD='/usr/bin/ld -m elf_x86_64'
LDFLAGS=''
LIBDIR='/opt/dionaea/lib'
LIBOBJS=''
LIBS=''
LIBTOOL='$(SHELL) $(top_builddir)/libtool'
LIB_CSPM_CFLAGS=''
LIB_CSPM_LIBS=''
LIB_CURL_CFLAGS=''
LIB_CURL_LIBS='-L/usr/lib/x86_64-linux-gnu -lcurl -Wl,-Bsymbolic-functions -Wl,-z,relro'
LIB_EMU_CFLAGS='-I/opt/dionaea/include/'
LIB_EMU_LIBS='-L/opt/dionaea/lib/ -lemu'
LIB_EV_CFLAGS='-I/opt/dionaea/include -DEV_COMPAT3=0'
LIB_EV_LIBS='-L/opt/dionaea/lib -lev'
LIB_GC_CFLAGS=''
LIB_GC_LIBS=''
LIB_GLIB_CFLAGS='-I/usr/include/glib-2.0 -I/usr/lib/x86_64-linux-gnu/glib-2.0/include   -pthread -I/usr/include/glib-2.0 -I/usr/lib/x86_64-linux-gnu/glib-2.0/include   -pthread -I/usr/include/glib-2.0 -I/usr/lib/x86_64-linux-gnu/glib-2.0/include  '
LIB_GLIB_LIBS='-lglib-2.0   -pthread -lgthread-2.0 -lrt -lglib-2.0   -Wl,--export-dynamic -pthread -lgmodule-2.0 -lrt -lglib-2.0  '
LIB_LCFG_CFLAGS='-I/opt/dionaea/include/'
LIB_LCFG_LIBS='-L/opt/dionaea/lib/ -llcfg'
LIB_LOUDMOUTH_CFLAGS=''
LIB_LOUDMOUTH_LIBS=''
LIB_NETFILTER_QUEUE_CFLAGS=''
LIB_NETFILTER_QUEUE_LIBS=''
LIB_NL_CFLAGS=''
LIB_NL_LIBS=''
LIB_PCAP_CFLAGS='-I/opt/dionaea/include'
LIB_PCAP_LIBS='-L/opt/dionaea/lib/ -lpcap'
LIB_SSL_CFLAGS=''
LIB_SSL_LIBS='-lssl'
LIB_UDNS_CFLAGS='-I/opt/dionaea/include/'
LIB_UDNS_LIBS='-L/opt/dionaea/lib/ -ludns'
LIB_XMATCH_CFLAGS=''
LIB_XMATCH_LIBS=''
LIPO=''
LN_S='ln -s'
LOCALESTATEDIR='/opt/dionaea/var'
LTLIBOBJS=''
MAKEINFO='${SHELL} /opt/dionaea/dionaea/missing --run makeinfo'
MANIFEST_TOOL=':'
MKDIR_P='/bin/mkdir -p'
NM='/usr/bin/nm -B'
NMEDIT=''
OBJDUMP='objdump'
OBJEXT='o'
OTOOL64=''
OTOOL=''
PACKAGE='dionaea'
PACKAGE_BUGREPORT='nepenthesdev@gmail.com'
PACKAGE_NAME='dionaea'
PACKAGE_STRING='dionaea 0.1.0'
PACKAGE_TARNAME='dionaea'
PACKAGE_URL=''
PACKAGE_VERSION='0.1.0'
PATH_SEPARATOR=':'
PKG_CONFIG='/usr/bin/pkg-config'
PKG_CONFIG_LIBDIR=''
PKG_CONFIG_PATH=''
PREFIX='/opt/dionaea'
PYTHON='/opt/dionaea/bin/python3.2'
PYTHON_CSPEC='-fPIC -I/opt/dionaea/include/python3.2m'
PYTHON_EXECPREFIX='/opt/dionaea'
PYTHON_LSPEC='-Wl,-rpath=/opt/dionaea/lib/ -L/usr/lib/x86_64-linux-gnu/ -Xlinker -export-dynamic -lm -lpthread -ldl  -lutil -lpython3.2m'
PYTHON_PREFIX='/opt/dionaea'
PYTHON_USE_FALSE='#'
PYTHON_USE_TRUE=''
RANLIB='ranlib'
SED='/bin/sed'
SET_MAKE=''
SHELL='/bin/bash'
STRIP='strip'
SYSCONFDIR='/opt/dionaea/etc'
VERSION='0.1.0'
ac_ct_AR='ar'
ac_ct_CC='gcc'
ac_ct_DUMPBIN=''
am__EXEEXT_FALSE=''
am__EXEEXT_TRUE='#'
am__fastdepCC_FALSE='#'
am__fastdepCC_TRUE=''
am__include='include'
am__isrc=''
am__leading_dot='.'
am__nodep='_no'
am__quote=''
am__tar='$${TAR-tar} chof - "$$tardir"'
am__untar='$${TAR-tar} xf -'
bindir='${exec_prefix}/bin'
build='x86_64-unknown-linux-gnu'
build_alias=''
build_cpu='x86_64'
build_os='linux-gnu'
build_vendor='unknown'
datadir='${datarootdir}'
datarootdir='${prefix}/share'
docdir='${datarootdir}/doc/${PACKAGE_TARNAME}'
dvidir='${docdir}'
exec_prefix='${prefix}'
glib_CFLAGS='-I/usr/include/glib-2.0 -I/usr/lib/x86_64-linux-gnu/glib-2.0/include  '
glib_LIBS='-lglib-2.0  '
gmodule_CFLAGS='-pthread -I/usr/include/glib-2.0 -I/usr/lib/x86_64-linux-gnu/glib-2.0/include  '
gmodule_LIBS='-Wl,--export-dynamic -pthread -lgmodule-2.0 -lrt -lglib-2.0  '
gthread_CFLAGS='-pthread -I/usr/include/glib-2.0 -I/usr/lib/x86_64-linux-gnu/glib-2.0/include  '
gthread_LIBS='-pthread -lgthread-2.0 -lrt -lglib-2.0  '
host='x86_64-unknown-linux-gnu'
host_alias=''
host_cpu='x86_64'
host_os='linux-gnu'
host_vendor='unknown'
htmldir='${docdir}'
includedir='${prefix}/include'
infodir='${datarootdir}/info'
install_sh='${SHELL} /opt/dionaea/dionaea/install-sh'
libdir='${exec_prefix}/lib'
libexecdir='${exec_prefix}/libexec'
localedir='${datarootdir}/locale'
localstatedir='${prefix}/var'
loudmouth_CFLAGS=''
loudmouth_LIBS=''
mandir='${datarootdir}/man'
mkdir_p='/bin/mkdir -p'
oldincludedir='/usr/include'
pdfdir='${docdir}'
prefix='/opt/dionaea'
program_transform_name='s,x,x,'
psdir='${docdir}'
sbindir='${exec_prefix}/sbin'
sharedstatedir='${prefix}/com'
sysconfdir='${prefix}/etc'
target_alias=''

## ----------- ##
## confdefs.h. ##
## ----------- ##

/* confdefs.h */
#define PACKAGE_NAME "dionaea"
#define PACKAGE_TARNAME "dionaea"
#define PACKAGE_VERSION "0.1.0"
#define PACKAGE_STRING "dionaea 0.1.0"
#define PACKAGE_BUGREPORT "nepenthesdev@gmail.com"
#define PACKAGE_URL ""
#define PACKAGE "dionaea"
#define VERSION "0.1.0"
#define STDC_HEADERS 1
#define HAVE_SYS_TYPES_H 1
#define HAVE_SYS_STAT_H 1
#define HAVE_STDLIB_H 1
#define HAVE_STRING_H 1
#define HAVE_MEMORY_H 1
#define HAVE_STRINGS_H 1
#define HAVE_INTTYPES_H 1
#define HAVE_STDINT_H 1
#define HAVE_UNISTD_H 1
#define HAVE_DLFCN_H 1
#define LT_OBJDIR ".libs/"
#define HAVE_STDINT_H 1
#define HAVE_STDLIB_H 1
#define HAVE_STRING_H 1
#define HAVE_STRINGS_H 1
#define HAVE_UNISTD_H 1
#define HAVE_NETPACKET_PACKET_H 1
#define HAVE_EXECINFO_H 1
#define HAVE_LINUX_SOCKIOS_H 1
#define RETSIGTYPE void
#define RETSIGTYPE void
#define HAVE_STRNDUP 1
#define HAVE_INET_NTOA 1
#define HAVE_MEMMOVE 1
#define HAVE_MEMSET 1
#define HAVE_STRDUP 1
#define HAVE_STRERROR 1
#define HAVE_BIND 1
#define HAVE_LIBEV 1
#define HAVE_LIBEMU 1
#define HAVE_LIBUDNS 1
#define HAVE_LIBSSL 1
#define HAVE_LIBPCAP 1
#define PYTHON_PATH "/opt/dionaea/bin/python3.2"
#define HAVE_LIBLCFG 1
#define NPERFORMANCE 1
#define DEBUG 1
#define PREFIX "/opt/dionaea"
#define LOCALESTATEDIR "/opt/dionaea/var"
#define LIBDIR "/opt/dionaea/lib"
#define SYSCONFDIR "/opt/dionaea/etc"
#define DATADIR "/opt/dionaea/share"
#define DATAROOTDIR "/opt/dionaea/share"

configure: exit 0
